Using pre-set license
Built from '2021.3/staging' branch; Version is '2021.3.19f1 (c9714fde33b6) revision 13201743'; Using compiler version '192829333'; Build Type 'Release'
OS: 'Windows 10  (10.0.19045) 64bit Professional' Language: 'ko' Physical Memory: 16194 MB
BatchMode: 1, IsHumanControllingUs: 0, StartBugReporterOnCrash: 0, Is64bit: 1, IsPro: 1

COMMAND LINE ARGUMENTS:
C:\Program Files\Unity\Hub\Editor\2021.3.19f1\Editor\Unity.exe
-adb2
-batchMode
-noUpm
-name
AssetImportWorker0
-projectPath
C:/Users/SGA/Desktop/Nam3D/Nam
-logFile
Logs/AssetImportWorker0.log
-srvPort
51076
Successfully changed project path to: C:/Users/SGA/Desktop/Nam3D/Nam
C:/Users/SGA/Desktop/Nam3D/Nam
[UnityMemory] Configuration Parameters - Can be set up in boot.config
    "memorysetup-bucket-allocator-granularity=16"
    "memorysetup-bucket-allocator-bucket-count=8"
    "memorysetup-bucket-allocator-block-size=33554432"
    "memorysetup-bucket-allocator-block-count=8"
    "memorysetup-main-allocator-block-size=16777216"
    "memorysetup-thread-allocator-block-size=16777216"
    "memorysetup-gfx-main-allocator-block-size=16777216"
    "memorysetup-gfx-thread-allocator-block-size=16777216"
    "memorysetup-cache-allocator-block-size=4194304"
    "memorysetup-typetree-allocator-block-size=2097152"
    "memorysetup-profiler-bucket-allocator-granularity=16"
    "memorysetup-profiler-bucket-allocator-bucket-count=8"
    "memorysetup-profiler-bucket-allocator-block-size=33554432"
    "memorysetup-profiler-bucket-allocator-block-count=8"
    "memorysetup-profiler-allocator-block-size=16777216"
    "memorysetup-profiler-editor-allocator-block-size=1048576"
    "memorysetup-temp-allocator-size-main=16777216"
    "memorysetup-job-temp-allocator-block-size=2097152"
    "memorysetup-job-temp-allocator-block-size-background=1048576"
    "memorysetup-job-temp-allocator-reduction-small-platforms=262144"
    "memorysetup-temp-allocator-size-background-worker=32768"
    "memorysetup-temp-allocator-size-job-worker=262144"
    "memorysetup-temp-allocator-size-preload-manager=33554432"
    "memorysetup-temp-allocator-size-nav-mesh-worker=65536"
    "memorysetup-temp-allocator-size-audio-worker=65536"
    "memorysetup-temp-allocator-size-cloud-worker=32768"
    "memorysetup-temp-allocator-size-gi-baking-worker=262144"
    "memorysetup-temp-allocator-size-gfx=262144"
Player connection [20320] Host "[IP] 192.168.0.225 [Port] 0 [Flags] 2 [Guid] 1253283638 [EditorId] 1253283638 [Version] 1048832 [Id] WindowsEditor(7,DESKTOP-HQKDT44) [Debug] 1 [PackageName] WindowsEditor [ProjectName] Editor" joined multi-casting on [225.0.0.222:54997]...

Player connection [20320] Host "[IP] 192.168.0.225 [Port] 0 [Flags] 2 [Guid] 1253283638 [EditorId] 1253283638 [Version] 1048832 [Id] WindowsEditor(7,DESKTOP-HQKDT44) [Debug] 1 [PackageName] WindowsEditor [ProjectName] Editor" joined alternative multi-casting on [225.0.0.222:34997]...

Refreshing native plugins compatible for Editor in 53.48 ms, found 3 plugins.
Preloading 0 native plugins for Editor in 0.00 ms.
Initialize engine version: 2021.3.19f1 (c9714fde33b6)
[Subsystems] Discovering subsystems at path C:/Program Files/Unity/Hub/Editor/2021.3.19f1/Editor/Data/Resources/UnitySubsystems
[Subsystems] Discovering subsystems at path C:/Users/SGA/Desktop/Nam3D/Nam/Assets
GfxDevice: creating device client; threaded=0; jobified=0
Direct3D:
    Version:  Direct3D 11.0 [level 11.1]
    Renderer: NVIDIA GeForce GTX 1650 (ID=0x1f82)
    Vendor:   NVIDIA
    VRAM:     3962 MB
    Driver:   31.0.15.1694
Initialize mono
Mono path[0] = 'C:/Program Files/Unity/Hub/Editor/2021.3.19f1/Editor/Data/Managed'
Mono path[1] = 'C:/Program Files/Unity/Hub/Editor/2021.3.19f1/Editor/Data/MonoBleedingEdge/lib/mono/unityjit-win32'
Mono config path = 'C:/Program Files/Unity/Hub/Editor/2021.3.19f1/Editor/Data/MonoBleedingEdge/etc'
Using monoOptions --debugger-agent=transport=dt_socket,embedding=1,server=y,suspend=n,address=127.0.0.1:56268
Begin MonoManager ReloadAssembly
Registering precompiled unity dll's ...
Register platform support module: C:/Program Files/Unity/Hub/Editor/2021.3.19f1/Editor/Data/PlaybackEngines/AndroidPlayer/UnityEditor.Android.Extensions.dll
Register platform support module: C:/Program Files/Unity/Hub/Editor/2021.3.19f1/Editor/Data/PlaybackEngines/WindowsStandaloneSupport/UnityEditor.WindowsStandalone.Extensions.dll
Registered in 0.006058 seconds.
Native extension for WindowsStandalone target not found
Native extension for Android target not found
Android Extension - Scanning For ADB Devices 137 ms
Refreshing native plugins compatible for Editor in 53.70 ms, found 3 plugins.
Preloading 0 native plugins for Editor in 0.00 ms.
Mono: successfully reloaded assembly
- Completed reload, in  0.581 seconds
Domain Reload Profiling:
	ReloadAssembly (582ms)
		BeginReloadAssembly (48ms)
			ExecutionOrderSort (0ms)
			DisableScriptedObjects (0ms)
			BackupInstance (0ms)
			ReleaseScriptingObjects (0ms)
			CreateAndSetChildDomain (1ms)
		EndReloadAssembly (456ms)
			LoadAssemblies (47ms)
			RebuildTransferFunctionScriptingTraits (0ms)
			SetupTypeCache (73ms)
			ReleaseScriptCaches (0ms)
			RebuildScriptCaches (18ms)
			SetupLoadedEditorAssemblies (328ms)
				LogAssemblyErrors (0ms)
				InitializePlatformSupportModulesInManaged (185ms)
				SetLoadedEditorAssemblies (0ms)
				RefreshPlugins (54ms)
				BeforeProcessingInitializeOnLoad (1ms)
				ProcessInitializeOnLoadAttributes (59ms)
				ProcessInitializeOnLoadMethodAttributes (29ms)
				AfterProcessingInitializeOnLoad (0ms)
				EditorAssembliesLoaded (0ms)
			ExecutionOrderSort2 (0ms)
			AwakeInstancesAfterBackupRestoration (0ms)
Platform modules already initialized, skipping
Registering precompiled user dll's ...
Registered in 0.006134 seconds.
Begin MonoManager ReloadAssembly
Symbol file LoadedFromMemory doesn't match image C:\Users\SGA\Desktop\Nam3D\Nam\Library\PackageCache\com.unity.visualscripting@1.8.0\Editor\VisualScripting.Core\Dependencies\YamlDotNet\Unity.VisualScripting.YamlDotNet.dll
Symbol file LoadedFromMemory doesn't match image C:\Users\SGA\Desktop\Nam3D\Nam\Library\PackageCache\com.unity.visualscripting@1.8.0\Editor\VisualScripting.Core\Dependencies\DotNetZip\Unity.VisualScripting.IonicZip.dll
Native extension for WindowsStandalone target not found
Native extension for Android target not found
Refreshing native plugins compatible for Editor in 55.30 ms, found 3 plugins.
Preloading 0 native plugins for Editor in 0.00 ms.
Mono: successfully reloaded assembly
- Completed reload, in  0.914 seconds
Domain Reload Profiling:
	ReloadAssembly (915ms)
		BeginReloadAssembly (71ms)
			ExecutionOrderSort (0ms)
			DisableScriptedObjects (4ms)
			BackupInstance (0ms)
			ReleaseScriptingObjects (0ms)
			CreateAndSetChildDomain (14ms)
		EndReloadAssembly (752ms)
			LoadAssemblies (56ms)
			RebuildTransferFunctionScriptingTraits (0ms)
			SetupTypeCache (201ms)
			ReleaseScriptCaches (0ms)
			RebuildScriptCaches (34ms)
			SetupLoadedEditorAssemblies (322ms)
				LogAssemblyErrors (0ms)
				InitializePlatformSupportModulesInManaged (11ms)
				SetLoadedEditorAssemblies (0ms)
				RefreshPlugins (55ms)
				BeforeProcessingInitializeOnLoad (54ms)
				ProcessInitializeOnLoadAttributes (159ms)
				ProcessInitializeOnLoadMethodAttributes (38ms)
				AfterProcessingInitializeOnLoad (4ms)
				EditorAssembliesLoaded (0ms)
			ExecutionOrderSort2 (0ms)
			AwakeInstancesAfterBackupRestoration (4ms)
Platform modules already initialized, skipping
========================================================================
Worker process is ready to serve import requests
Launched and connected shader compiler UnityShaderCompiler.exe after 0.02 seconds
Refreshing native plugins compatible for Editor in 0.47 ms, found 3 plugins.
Preloading 0 native plugins for Editor in 0.00 ms.
Unloading 3232 Unused Serialized files (Serialized files now loaded: 0)
Unloading 44 unused Assets / (2.2 MB). Loaded Objects now: 3737.
Memory consumption went from 222.9 MB to 220.7 MB.
Total: 2.545700 ms (FindLiveObjects: 0.186100 ms CreateObjectMapping: 0.080300 ms MarkObjects: 1.882000 ms  DeleteObjects: 0.396500 ms)

AssetImportParameters requested are different than current active one (requested -> active):
  custom:video-decoder-ogg-theora: a1e56fd34408186e4bbccfd4996cb3dc -> 
  custom:container-muxer-webm: aa71ff27fc2769a1b78a27578f13a17b -> 
  custom:container-demuxer-webm: 4f35f7cbe854078d1ac9338744f61a02 -> 
  custom:video-encoder-webm-vp8: eb34c28f22e8b96e1ab97ce403110664 -> 
  custom:audio-encoder-webm-vorbis: bf7c407c2cedff20999df2af8eb42d56 -> 
  custom:framework-win-MediaFoundation: 216162199b28c13a410421893ffa2e32 -> 
  custom:container-demuxer-ogg: 62fdf1f143b41e24485cea50d1cbac27 -> 
  custom:video-decoder-webm-vp8: 9c59270c3fd7afecdb556c50c9e8de78 -> 
  custom:audio-decoder-ogg-vorbis: bf7c407c2cedff20999df2af8eb42d56 -> 
========================================================================
Received Import Request.
  Time since last request: 7800.995581 seconds.
  path: Assets/SwampBridge4k/Materials/BottomRailsSurface_Color.mat
  artifactKey: Guid(d7e9978161530344c84f0e93dad320a6) Importer(815301076,1909f56bfc062723c751e8b465ee728b)
Start importing Assets/SwampBridge4k/Materials/BottomRailsSurface_Color.mat using Guid(d7e9978161530344c84f0e93dad320a6) Importer(815301076,1909f56bfc062723c751e8b465ee728b) WayPointEditor uses the CustomEditor attribute but does not inherit from Editor.
You must inherit from Editor. See the Editor class script documentation.
UnityEngine.StackTraceUtility:ExtractStackTrace ()
UnityEngine.DebugLogHandler:LogFormat (UnityEngine.LogType,UnityEngine.Object,string,object[])
UnityEngine.Logger:Log (UnityEngine.LogType,object)
UnityEngine.Debug:LogWarning (object)
UnityEditor.CustomEditorAttributes:Rebuild ()
UnityEditor.CustomEditorAttributes:FindCustomEditorTypeByType (System.Type,bool)
UnityEditor.CustomEditorAttributes:FindCustomEditorType (UnityEngine.Object,bool)
UnityEditor.AssetPreviewUpdater:CreatePreview (UnityEngine.Object,UnityEngine.Object[],string,int,int)
UnityEditor.AssetPreviewUpdater:CreatePreviewForAsset (UnityEngine.Object,UnityEngine.Object[],string)

 -> (artifact id: '402969a262139db07857c9f1292e3c01') in 0.269853 seconds 
========================================================================
Received Import Request.
  Time since last request: 0.000027 seconds.
  path: Assets/SwampBridge4k/Materials/SupportPosts-LeftSurface_Color.mat
  artifactKey: Guid(dbf45a9df4a4a4f48a42ca6f15d1fa6f) Importer(815301076,1909f56bfc062723c751e8b465ee728b)
Start importing Assets/SwampBridge4k/Materials/SupportPosts-LeftSurface_Color.mat using Guid(dbf45a9df4a4a4f48a42ca6f15d1fa6f) Importer(815301076,1909f56bfc062723c751e8b465ee728b)  -> (artifact id: '282e994cb26ef9e5fc3e22efba233bf7') in 0.019522 seconds 
========================================================================
Received Import Request.
  Time since last request: 0.000031 seconds.
  path: Assets/SwampBridge4k/swamp-bridge-4k-ready_2016.fbx
  artifactKey: Guid(ed899fe25319dc24480dad214abd0444) Importer(815301076,1909f56bfc062723c751e8b465ee728b)
Start importing Assets/SwampBridge4k/swamp-bridge-4k-ready_2016.fbx using Guid(ed899fe25319dc24480dad214abd0444) Importer(815301076,1909f56bfc062723c751e8b465ee728b)  -> (artifact id: '1dc9d7a04743d4f1961e457b0888e319') in 0.146415 seconds 
========================================================================
Received Import Request.
  Time since last request: 0.000022 seconds.
  path: Assets/SwampBridge4k/Materials/TopRailsSurface_Color.mat
  artifactKey: Guid(d4cae92987faeb14f806ac4bad1b4a3e) Importer(815301076,1909f56bfc062723c751e8b465ee728b)
Start importing Assets/SwampBridge4k/Materials/TopRailsSurface_Color.mat using Guid(d4cae92987faeb14f806ac4bad1b4a3e) Importer(815301076,1909f56bfc062723c751e8b465ee728b)  -> (artifact id: 'd2442ab7158713f1fd6581cbf758d0ab') in 0.014985 seconds 
========================================================================
Received Import Request.
  Time since last request: 0.000020 seconds.
  path: Assets/SwampBridge4k/Materials/Ramp-LowerSurface_Color.mat
  artifactKey: Guid(b74f71d46a465034f952f1cf91a5ba31) Importer(815301076,1909f56bfc062723c751e8b465ee728b)
Start importing Assets/SwampBridge4k/Materials/Ramp-LowerSurface_Color.mat using Guid(b74f71d46a465034f952f1cf91a5ba31) Importer(815301076,1909f56bfc062723c751e8b465ee728b)  -> (artifact id: 'a3e97f729bc00212e68c4549ad04447d') in 0.015005 seconds 
========================================================================
Received Import Request.
  Time since last request: 0.000024 seconds.
  path: Assets/SwampBridge4k/Materials/DeckBoards-Set3Surface_Color.mat
  artifactKey: Guid(f2d028b43f81816428954d12370bfdb5) Importer(815301076,1909f56bfc062723c751e8b465ee728b)
Start importing Assets/SwampBridge4k/Materials/DeckBoards-Set3Surface_Color.mat using Guid(f2d028b43f81816428954d12370bfdb5) Importer(815301076,1909f56bfc062723c751e8b465ee728b)  -> (artifact id: '8de79836951bda53b87c4389b514806c') in 0.016782 seconds 
========================================================================
Received Import Request.
  Time since last request: 0.000024 seconds.
  path: Assets/SwampBridge4k/Materials/Ramp-UpperSurface_Color.mat
  artifactKey: Guid(a42a46c6e477db741a34d3ba2265c4e3) Importer(815301076,1909f56bfc062723c751e8b465ee728b)
Start importing Assets/SwampBridge4k/Materials/Ramp-UpperSurface_Color.mat using Guid(a42a46c6e477db741a34d3ba2265c4e3) Importer(815301076,1909f56bfc062723c751e8b465ee728b)  -> (artifact id: '6192ee5b7fc9916c777967c922e32243') in 0.015616 seconds 
========================================================================
Received Import Request.
  Time since last request: 0.000032 seconds.
  path: Assets/SwampBridge4k/Materials/SupportPosts-RightSurface_Color.mat
  artifactKey: Guid(76ba4e0d05ffe914396f0cac7d316b60) Importer(815301076,1909f56bfc062723c751e8b465ee728b)
Start importing Assets/SwampBridge4k/Materials/SupportPosts-RightSurface_Color.mat using Guid(76ba4e0d05ffe914396f0cac7d316b60) Importer(815301076,1909f56bfc062723c751e8b465ee728b)  -> (artifact id: '3235ba6120a2d96b7793c2b8dca66d76') in 0.015652 seconds 
========================================================================
Received Import Request.
  Time since last request: 0.000028 seconds.
  path: Assets/SwampBridge4k/Materials/DeckBoards-Set2Surface_Color.mat
  artifactKey: Guid(b805c1cc529855a469e954ee5e0a0748) Importer(815301076,1909f56bfc062723c751e8b465ee728b)
Start importing Assets/SwampBridge4k/Materials/DeckBoards-Set2Surface_Color.mat using Guid(b805c1cc529855a469e954ee5e0a0748) Importer(815301076,1909f56bfc062723c751e8b465ee728b)  -> (artifact id: '860608ad0a179a04f6136669fc7224f5') in 0.014803 seconds 
========================================================================
Received Import Request.
  Time since last request: 0.000021 seconds.
  path: Assets/SwampBridge4k/Materials/DeckBoards-Set1Surface_Color.mat
  artifactKey: Guid(c9c1229ea5e8b2c48b5f73d8bc599430) Importer(815301076,1909f56bfc062723c751e8b465ee728b)
Start importing Assets/SwampBridge4k/Materials/DeckBoards-Set1Surface_Color.mat using Guid(c9c1229ea5e8b2c48b5f73d8bc599430) Importer(815301076,1909f56bfc062723c751e8b465ee728b)  -> (artifact id: '05fee8f3088c8f02376a18dbc0089442') in 0.021838 seconds 
========================================================================
Received Import Request.
  Time since last request: 1.984671 seconds.
  path: Assets/SwampBridge4k/swamp-bridge-4k-ready_2016.fbm/BottomRailsSurface_Color.jpg
  artifactKey: Guid(0b63159ea2df00348a89e32a65532809) Importer(815301076,1909f56bfc062723c751e8b465ee728b)
Start importing Assets/SwampBridge4k/swamp-bridge-4k-ready_2016.fbm/BottomRailsSurface_Color.jpg using Guid(0b63159ea2df00348a89e32a65532809) Importer(815301076,1909f56bfc062723c751e8b465ee728b)  -> (artifact id: '4df7455be9c1e4263ed1c47a3bb0b32d') in 0.066676 seconds 
========================================================================
Received Import Request.
  Time since last request: 0.000022 seconds.
  path: Assets/SwampBridge4k/swamp-bridge-4k-ready_2016.fbm/DeckBoards-Set2Surface_Color.jpg
  artifactKey: Guid(2ee25bd479eaf9a4aa6759f98e89ec42) Importer(815301076,1909f56bfc062723c751e8b465ee728b)
Start importing Assets/SwampBridge4k/swamp-bridge-4k-ready_2016.fbm/DeckBoards-Set2Surface_Color.jpg using Guid(2ee25bd479eaf9a4aa6759f98e89ec42) Importer(815301076,1909f56bfc062723c751e8b465ee728b)  -> (artifact id: 'f8dbba1d55472f6abf0f94c78f705702') in 0.035590 seconds 
========================================================================
Received Import Request.
  Time since last request: 0.000028 seconds.
  path: Assets/SwampBridge4k/swamp-bridge-4k-ready_2016.fbm/DeckBoards-Set1Surface_Color.jpg
  artifactKey: Guid(1027d15fe18a1eb479f0736bc590baf8) Importer(815301076,1909f56bfc062723c751e8b465ee728b)
Start importing Assets/SwampBridge4k/swamp-bridge-4k-ready_2016.fbm/DeckBoards-Set1Surface_Color.jpg using Guid(1027d15fe18a1eb479f0736bc590baf8) Importer(815301076,1909f56bfc062723c751e8b465ee728b)  -> (artifact id: 'be97876b7c4d93086cfae93857f78cf2') in 0.020557 seconds 
========================================================================
Received Import Request.
  Time since last request: 0.000015 seconds.
  path: Assets/SwampBridge4k/swamp-bridge-4k-ready_2016.fbm/SupportPosts-LeftSurface_Color.jpg
  artifactKey: Guid(78c4ca30f8a140345ae6fdf124559db6) Importer(815301076,1909f56bfc062723c751e8b465ee728b)
Start importing Assets/SwampBridge4k/swamp-bridge-4k-ready_2016.fbm/SupportPosts-LeftSurface_Color.jpg using Guid(78c4ca30f8a140345ae6fdf124559db6) Importer(815301076,1909f56bfc062723c751e8b465ee728b)  -> (artifact id: '21a738113b03c2c3fd646320ee71f72c') in 0.021594 seconds 
========================================================================
Received Import Request.
  Time since last request: 0.000016 seconds.
  path: Assets/SwampBridge4k/swamp-bridge-4k-ready_2016.fbm/SupportPosts-LeftNormal.jpg
  artifactKey: Guid(bfb3980f53d70ce41b68b488cb5c97f8) Importer(815301076,1909f56bfc062723c751e8b465ee728b)
Start importing Assets/SwampBridge4k/swamp-bridge-4k-ready_2016.fbm/SupportPosts-LeftNormal.jpg using Guid(bfb3980f53d70ce41b68b488cb5c97f8) Importer(815301076,1909f56bfc062723c751e8b465ee728b)  -> (artifact id: '7ff31d81d868314369ad45f015e8777c') in 0.021502 seconds 
========================================================================
Received Import Request.
  Time since last request: 0.000017 seconds.
  path: Assets/SwampBridge4k/swamp-bridge-4k-ready_2016.fbm/Ramp-LowerSurface_Color.jpg
  artifactKey: Guid(89e23a88975e25644aa18d44d07802e9) Importer(815301076,1909f56bfc062723c751e8b465ee728b)
Start importing Assets/SwampBridge4k/swamp-bridge-4k-ready_2016.fbm/Ramp-LowerSurface_Color.jpg using Guid(89e23a88975e25644aa18d44d07802e9) Importer(815301076,1909f56bfc062723c751e8b465ee728b)  -> (artifact id: '203064a8abbfcc9155dca75d24defb4f') in 0.022295 seconds 
Editor requested this worker to shutdown with reason: Scaling down because of idle timeout
AssetImportWorker is now disconnected from the server
Process exiting
Exiting without the bug reporter. Application will terminate with return code 0